Unity Editor version:    2020.3.27f1 (e759542391ea)
Branch:                  2020.3/release
Build type:              Release
Batch mode:              YES
macOS version:           Version 11.2.1 (Build 20D74)
Darwin version:          20.3.0
Architecture:            x86_64
Running under Rosetta:   NO
Available memory:        16384 MB
Using pre-set license
Pro License: NO

COMMAND LINE ARGUMENTS:
/Users/mr.shams/Desktop/2020.3.27f1/Unity.app/Contents/MacOS/Unity
-adb2
-batchMode
-noUpm
-name
AssetImportWorker0
-projectPath
/Users/mr.shams/Downloads/New Unity Project
-logFile
Logs/AssetImportWorker0.log
-srvPort
59355
Successfully changed project path to: /Users/mr.shams/Downloads/New Unity Project
/Users/mr.shams/Downloads/New Unity Project
Using Asset Import Pipeline V2.
Refreshing native plugins compatible for Editor in 23.61 ms, found 2 plugins.
Preloading 0 native plugins for Editor in 0.00 ms.
Initialize engine version: 2020.3.27f1 (e759542391ea)
[Subsystems] Discovering subsystems at path /Users/mr.shams/Desktop/2020.3.27f1/Unity.app/Contents/Resources/UnitySubsystems
[Subsystems] Discovering subsystems at path /Users/mr.shams/Downloads/New Unity Project/Assets
GfxDevice: creating device client; threaded=0
2022-03-15 10:07:54.486 Unity[27775:2171685] (null) preferred device: AMD Radeon Pro 5500 XT (high power)
2022-03-15 10:07:54.486 Unity[27775:2171685] Metal devices available: 1
2022-03-15 10:07:54.486 Unity[27775:2171685] 0: AMD Radeon Pro 5500 XT (high power)
2022-03-15 10:07:54.486 Unity[27775:2171685] Using device AMD Radeon Pro 5500 XT (high power)
Initializing Metal device caps: AMD Radeon Pro 5500 XT
Initialize mono
Mono path[0] = '/Users/mr.shams/Desktop/2020.3.27f1/Unity.app/Contents/Managed'
Mono path[1] = '/Users/mr.shams/Desktop/2020.3.27f1/Unity.app/Contents/MonoBleedingEdge/lib/mono/unityjit'
Mono config path = '/Users/mr.shams/Desktop/2020.3.27f1/Unity.app/Contents/MonoBleedingEdge/etc'
Using monoOptions --debugger-agent=transport=dt_socket,embedding=1,server=y,suspend=n,address=127.0.0.1:56775
Begin MonoManager ReloadAssembly
Registering precompiled unity dll's ...
Register platform support module: /Users/mr.shams/Desktop/2020.3.27f1/Unity.app/Contents/PlaybackEngines/MacStandaloneSupport/UnityEditor.OSXStandalone.Extensions.dll
Registered in 0.000426 seconds.
Native extension for OSXStandalone target not found
Refreshing native plugins compatible for Editor in 25.18 ms, found 2 plugins.
Preloading 0 native plugins for Editor in 0.00 ms.
Mono: successfully reloaded assembly
- Completed reload, in  0.534 seconds
Domain Reload Profiling:
	ReloadAssembly (534ms)
		BeginReloadAssembly (41ms)
			ExecutionOrderSort (0ms)
			DisableScriptedObjects (0ms)
			BackupInstance (0ms)
			ReleaseScriptingObjects (0ms)
			CreateAndSetChildDomain (1ms)
		EndReloadAssembly (427ms)
			LoadAssemblies (41ms)
			RebuildTransferFunctionScriptingTraits (0ms)
			SetupTypeCache (159ms)
			ReleaseScriptCaches (0ms)
			RebuildScriptCaches (37ms)
			SetupLoadedEditorAssemblies (156ms)
				LogAssemblyErrors (0ms)
				InitializePlatformSupportModulesInManaged (4ms)
				SetLoadedEditorAssemblies (0ms)
				RefreshPlugins (25ms)
				BeforeProcessingInitializeOnLoad (8ms)
				ProcessInitializeOnLoadAttributes (92ms)
				ProcessInitializeOnLoadMethodAttributes (26ms)
				AfterProcessingInitializeOnLoad (0ms)
				EditorAssembliesLoaded (0ms)
			ExecutionOrderSort2 (0ms)
			AwakeInstancesAfterBackupRestoration (0ms)
Platform modules already initialized, skipping
Registering precompiled user dll's ...
Registered in 0.001559 seconds.
Begin MonoManager ReloadAssembly
Native extension for OSXStandalone target not found
Refreshing native plugins compatible for Editor in 0.29 ms, found 2 plugins.
Preloading 0 native plugins for Editor in 0.00 ms.
Mono: successfully reloaded assembly
- Completed reload, in  0.927 seconds
Domain Reload Profiling:
	ReloadAssembly (928ms)
		BeginReloadAssembly (136ms)
			ExecutionOrderSort (0ms)
			DisableScriptedObjects (4ms)
			BackupInstance (0ms)
			ReleaseScriptingObjects (0ms)
			CreateAndSetChildDomain (28ms)
		EndReloadAssembly (735ms)
			LoadAssemblies (64ms)
			RebuildTransferFunctionScriptingTraits (0ms)
			SetupTypeCache (284ms)
			ReleaseScriptCaches (0ms)
			RebuildScriptCaches (43ms)
			SetupLoadedEditorAssemblies (248ms)
				LogAssemblyErrors (0ms)
				InitializePlatformSupportModulesInManaged (4ms)
				SetLoadedEditorAssemblies (0ms)
				RefreshPlugins (0ms)
				BeforeProcessingInitializeOnLoad (40ms)
				ProcessInitializeOnLoadAttributes (194ms)
				ProcessInitializeOnLoadMethodAttributes (8ms)
				AfterProcessingInitializeOnLoad (1ms)
				EditorAssembliesLoaded (0ms)
			ExecutionOrderSort2 (0ms)
			AwakeInstancesAfterBackupRestoration (6ms)
Platform modules already initialized, skipping
Validating Project structure ... 0.000328 seconds.
Shader import version has changed; will reimport all shaders...
Upgrading shader files ...0.000420 seconds.
Application.AssetDatabase Initial Script Refresh Start
RefreshInfo: InitialScriptRefreshV2(NoUpdateAssetOptions) scanfilter:  ... 1 filters
RefreshProfiler: Total: 0.000ms
Application.AssetDatabase Initial Script Refresh End
Application.AssetDatabase.Refresh Start
Application.AssetDatabase.Refresh End
RefreshInfo: StopAssetImportingV2(ForceSynchronousImport) scanfilter: 
RefreshProfiler: Total: 0.000ms
Launching external process: /Users/mr.shams/Desktop/2020.3.27f1/Unity.app/Contents/Tools/UnityShaderCompiler
Launched and connected shader compiler UnityShaderCompiler after 0.01 seconds
Initializing Unity extensions:
[C# Project] Writing /Users/mr.shams/Downloads/New Unity Project/New Unity Project.sln because it has changed
[C# Project] First difference on line 4

[C# Project] Current /Users/mr.shams/Downloads/New Unity Project/New Unity Project.sln:
[C# Project]   004: 
[C# Project]   005: Global
[C# Project]   006: 	GlobalSection(SolutionConfigurationPlatforms) = preSolution
[C# Project]   007: 		Debug|Any CPU = Debug|Any CPU
[C# Project]   008: 		Release|Any CPU = Release|Any CPU

[C# Project] New /Users/mr.shams/Downloads/New Unity Project/New Unity Project.sln:
[C# Project]   004: Project("{FAE04EC0-301F-11D3-BF4B-00C04F79EFBC}") = "UnityEngine.TestRunner", "UnityEngine.TestRunner.csproj", "{86DECBCC-E958-636C-0D16-DCE037BDF6AD}"
[C# Project]   005: EndProject
[C# Project]   006: Project("{FAE04EC0-301F-11D3-BF4B-00C04F79EFBC}") = "UnityEngine.UI.Tests", "UnityEngine.UI.Tests.csproj", "{F7291C2B-CE1C-851B-A52B-F6C50DBAF3A6}"
[C# Project]   007: EndProject
[C# Project]   008: Project("{FAE04EC0-301F-11D3-BF4B-00C04F79EFBC}") = "Unity.Timeline", "Unity.Timeline.csproj", "{4F5519CF-D7E3-021A-6E78-CE036FD99D7F}"
========================================================================
Worker process is ready to serve import requests
Refreshing native plugins compatible for Editor in 0.28 ms, found 2 plugins.
Preloading 0 native plugins for Editor in 0.00 ms.
Unloading 1504 Unused Serialized files (Serialized files now loaded: 0)
System memory in use before: 190.3 MB.
System memory in use after: 190.0 MB.

Unloading 77 unused Assets to reduce memory usage. Loaded Objects now: 1993.
Total: 2.409597 ms (FindLiveObjects: 0.110849 ms CreateObjectMapping: 0.040565 ms MarkObjects: 2.107943 ms  DeleteObjects: 0.149562 ms)

AssetImportParameters requested are different than current active one (requested -> active):
  custom:video-decoder-ogg-theora: a1e56fd34408186e4bbccfd4996cb3dc -> 
  custom:container-muxer-webm: aa71ff27fc2769a1b78a27578f13a17b -> 
  custom:container-demuxer-webm: 4f35f7cbe854078d1ac9338744f61a02 -> 
  custom:container-demuxer-ogg: 62fdf1f143b41e24485cea50d1cbac27 -> 
  custom:video-encoder-webm-vp8: eb34c28f22e8b96e1ab97ce403110664 -> 
  custom:framework-osx-AVFoundation: e770b220cccbd017edd2c1fefb359320 -> 
  custom:video-decoder-webm-vp8: 9c59270c3fd7afecdb556c50c9e8de78 -> 
  custom:audio-decoder-ogg-vorbis: bf7c407c2cedff20999df2af8eb42d56 -> 
  custom:audio-encoder-webm-vorbis: bf7c407c2cedff20999df2af8eb42d56 -> 
========================================================================
Received Import Request.
  path: Assets/wooden Texture.mat
  artifactKey: Guid(df04356adff444225b68d52208820224) Importer(815301076,1909f56bfc062723c751e8b465ee728b)
Start importing Assets/wooden Texture.mat using Guid(df04356adff444225b68d52208820224) Importer(815301076,1909f56bfc062723c751e8b465ee728b)  -> (artifact id: 'b595c26f702a7b98c47f7794e22dffbf') in 0.904047 seconds 
  Import took 0.910042 seconds .

========================================================================
Received Import Request.
  Time since last request: 0.000204 seconds.
  path: Assets/metal.mat
  artifactKey: Guid(131a974d40d1c4acb8dbfe4c0a09cc64) Importer(815301076,1909f56bfc062723c751e8b465ee728b)
Start importing Assets/metal.mat using Guid(131a974d40d1c4acb8dbfe4c0a09cc64) Importer(815301076,1909f56bfc062723c751e8b465ee728b)  -> (artifact id: 'e2fbb23a0f1b7eca139d5898ce3a328e') in 0.008270 seconds 
  Import took 0.010308 seconds .

========================================================================
Received Import Request.
  Time since last request: 345.129748 seconds.
  path: Assets/metal-texture-1481635056x22,jpg.jpeg
  artifactKey: Guid(b2eed7c54caad4fbca23005204c8d747) Importer(815301076,1909f56bfc062723c751e8b465ee728b)
Start importing Assets/metal-texture-1481635056x22,jpg.jpeg using Guid(b2eed7c54caad4fbca23005204c8d747) Importer(815301076,1909f56bfc062723c751e8b465ee728b)  -> (artifact id: '5801a99a98bbb124d058144799650ab4') in 0.764395 seconds 
  Import took 0.770415 seconds .

========================================================================
Received Import Request.
  Time since last request: 14.128989 seconds.
  path: Assets/metal texture 2.mat
  artifactKey: Guid(32efee40906334b21be68d4d9b57abc0) Importer(815301076,1909f56bfc062723c751e8b465ee728b)
Start importing Assets/metal texture 2.mat using Guid(32efee40906334b21be68d4d9b57abc0) Importer(815301076,1909f56bfc062723c751e8b465ee728b)  -> (artifact id: '0f7592eda8f12b4aad7cc535a9a8bf4c') in 0.008906 seconds 
  Import took 0.011655 seconds .

