Unity Editor version:    2020.3.27f1 (e759542391ea)
Branch:                  2020.3/release
Build type:              Release
Batch mode:              YES
macOS version:           Version 11.2.1 (Build 20D74)
Darwin version:          20.3.0
Architecture:            x86_64
Running under Rosetta:   NO
Available memory:        16384 MB
Using pre-set license
Pro License: NO

COMMAND LINE ARGUMENTS:
/Users/mr.shams/Desktop/2020.3.27f1/Unity.app/Contents/MacOS/Unity
-adb2
-batchMode
-noUpm
-name
AssetImportWorker0
-projectPath
/Users/mr.shams/Downloads/New Unity Project
-logFile
Logs/AssetImportWorker0.log
-srvPort
54068
Successfully changed project path to: /Users/mr.shams/Downloads/New Unity Project
/Users/mr.shams/Downloads/New Unity Project
Using Asset Import Pipeline V2.
Refreshing native plugins compatible for Editor in 23.71 ms, found 2 plugins.
Preloading 0 native plugins for Editor in 0.00 ms.
Initialize engine version: 2020.3.27f1 (e759542391ea)
[Subsystems] Discovering subsystems at path /Users/mr.shams/Desktop/2020.3.27f1/Unity.app/Contents/Resources/UnitySubsystems
[Subsystems] Discovering subsystems at path /Users/mr.shams/Downloads/New Unity Project/Assets
GfxDevice: creating device client; threaded=0
2022-03-14 10:14:47.930 Unity[21553:1625790] (null) preferred device: AMD Radeon Pro 5500 XT (high power)
2022-03-14 10:14:47.930 Unity[21553:1625790] Metal devices available: 1
2022-03-14 10:14:47.930 Unity[21553:1625790] 0: AMD Radeon Pro 5500 XT (high power)
2022-03-14 10:14:47.931 Unity[21553:1625790] Using device AMD Radeon Pro 5500 XT (high power)
Initializing Metal device caps: AMD Radeon Pro 5500 XT
Initialize mono
Mono path[0] = '/Users/mr.shams/Desktop/2020.3.27f1/Unity.app/Contents/Managed'
Mono path[1] = '/Users/mr.shams/Desktop/2020.3.27f1/Unity.app/Contents/MonoBleedingEdge/lib/mono/unityjit'
Mono config path = '/Users/mr.shams/Desktop/2020.3.27f1/Unity.app/Contents/MonoBleedingEdge/etc'
Using monoOptions --debugger-agent=transport=dt_socket,embedding=1,server=y,suspend=n,address=127.0.0.1:56553
Begin MonoManager ReloadAssembly
Registering precompiled unity dll's ...
Register platform support module: /Users/mr.shams/Desktop/2020.3.27f1/Unity.app/Contents/PlaybackEngines/MacStandaloneSupport/UnityEditor.OSXStandalone.Extensions.dll
Registered in 0.000425 seconds.
Native extension for OSXStandalone target not found
Refreshing native plugins compatible for Editor in 23.43 ms, found 2 plugins.
Preloading 0 native plugins for Editor in 0.00 ms.
Mono: successfully reloaded assembly
- Completed reload, in  0.530 seconds
Domain Reload Profiling:
	ReloadAssembly (530ms)
		BeginReloadAssembly (40ms)
			ExecutionOrderSort (0ms)
			DisableScriptedObjects (0ms)
			BackupInstance (0ms)
			ReleaseScriptingObjects (0ms)
			CreateAndSetChildDomain (1ms)
		EndReloadAssembly (425ms)
			LoadAssemblies (39ms)
			RebuildTransferFunctionScriptingTraits (0ms)
			SetupTypeCache (163ms)
			ReleaseScriptCaches (0ms)
			RebuildScriptCaches (33ms)
			SetupLoadedEditorAssemblies (153ms)
				LogAssemblyErrors (0ms)
				InitializePlatformSupportModulesInManaged (4ms)
				SetLoadedEditorAssemblies (0ms)
				RefreshPlugins (23ms)
				BeforeProcessingInitializeOnLoad (7ms)
				ProcessInitializeOnLoadAttributes (92ms)
				ProcessInitializeOnLoadMethodAttributes (27ms)
				AfterProcessingInitializeOnLoad (0ms)
				EditorAssembliesLoaded (0ms)
			ExecutionOrderSort2 (0ms)
			AwakeInstancesAfterBackupRestoration (0ms)
Platform modules already initialized, skipping
Registering precompiled user dll's ...
Registered in 0.001586 seconds.
Begin MonoManager ReloadAssembly
Native extension for OSXStandalone target not found
Refreshing native plugins compatible for Editor in 0.29 ms, found 2 plugins.
Preloading 0 native plugins for Editor in 0.00 ms.
Mono: successfully reloaded assembly
- Completed reload, in  0.931 seconds
Domain Reload Profiling:
	ReloadAssembly (932ms)
		BeginReloadAssembly (134ms)
			ExecutionOrderSort (0ms)
			DisableScriptedObjects (4ms)
			BackupInstance (0ms)
			ReleaseScriptingObjects (0ms)
			CreateAndSetChildDomain (27ms)
		EndReloadAssembly (742ms)
			LoadAssemblies (65ms)
			RebuildTransferFunctionScriptingTraits (0ms)
			SetupTypeCache (291ms)
			ReleaseScriptCaches (0ms)
			RebuildScriptCaches (44ms)
			SetupLoadedEditorAssemblies (244ms)
				LogAssemblyErrors (0ms)
				InitializePlatformSupportModulesInManaged (4ms)
				SetLoadedEditorAssemblies (0ms)
				RefreshPlugins (0ms)
				BeforeProcessingInitializeOnLoad (41ms)
				ProcessInitializeOnLoadAttributes (190ms)
				ProcessInitializeOnLoadMethodAttributes (8ms)
				AfterProcessingInitializeOnLoad (1ms)
				EditorAssembliesLoaded (0ms)
			ExecutionOrderSort2 (0ms)
			AwakeInstancesAfterBackupRestoration (6ms)
Platform modules already initialized, skipping
Validating Project structure ... 0.000329 seconds.
Shader import version has changed; will reimport all shaders...
Upgrading shader files ...0.000407 seconds.
Application.AssetDatabase Initial Script Refresh Start
RefreshInfo: InitialScriptRefreshV2(NoUpdateAssetOptions) scanfilter:  ... 1 filters
RefreshProfiler: Total: 0.000ms
Application.AssetDatabase Initial Script Refresh End
Application.AssetDatabase.Refresh Start
Application.AssetDatabase.Refresh End
RefreshInfo: StopAssetImportingV2(ForceSynchronousImport) scanfilter: 
RefreshProfiler: Total: 0.000ms
Launching external process: /Users/mr.shams/Desktop/2020.3.27f1/Unity.app/Contents/Tools/UnityShaderCompiler
Launched and connected shader compiler UnityShaderCompiler after 0.01 seconds
Initializing Unity extensions:
[C# Project] Writing /Users/mr.shams/Downloads/New Unity Project/New Unity Project.sln because it has changed
[C# Project] First difference on line 4

[C# Project] Current /Users/mr.shams/Downloads/New Unity Project/New Unity Project.sln:
[C# Project]   004: 
[C# Project]   005: Global
[C# Project]   006: 	GlobalSection(SolutionConfigurationPlatforms) = preSolution
[C# Project]   007: 		Debug|Any CPU = Debug|Any CPU
[C# Project]   008: 		Release|Any CPU = Release|Any CPU

[C# Project] New /Users/mr.shams/Downloads/New Unity Project/New Unity Project.sln:
[C# Project]   004: Project("{FAE04EC0-301F-11D3-BF4B-00C04F79EFBC}") = "UnityEngine.TestRunner", "UnityEngine.TestRunner.csproj", "{86DECBCC-E958-636C-0D16-DCE037BDF6AD}"
[C# Project]   005: EndProject
[C# Project]   006: Project("{FAE04EC0-301F-11D3-BF4B-00C04F79EFBC}") = "UnityEngine.UI.Tests", "UnityEngine.UI.Tests.csproj", "{F7291C2B-CE1C-851B-A52B-F6C50DBAF3A6}"
[C# Project]   007: EndProject
[C# Project]   008: Project("{FAE04EC0-301F-11D3-BF4B-00C04F79EFBC}") = "Unity.Timeline", "Unity.Timeline.csproj", "{4F5519CF-D7E3-021A-6E78-CE036FD99D7F}"
========================================================================
Worker process is ready to serve import requests
Refreshing native plugins compatible for Editor in 0.28 ms, found 2 plugins.
Preloading 0 native plugins for Editor in 0.00 ms.
Unloading 1504 Unused Serialized files (Serialized files now loaded: 0)
System memory in use before: 190.3 MB.
System memory in use after: 190.0 MB.

Unloading 77 unused Assets to reduce memory usage. Loaded Objects now: 1993.
Total: 2.373128 ms (FindLiveObjects: 0.112260 ms CreateObjectMapping: 0.039972 ms MarkObjects: 2.070829 ms  DeleteObjects: 0.149505 ms)

AssetImportParameters requested are different than current active one (requested -> active):
  custom:video-decoder-ogg-theora: a1e56fd34408186e4bbccfd4996cb3dc -> 
  custom:container-muxer-webm: aa71ff27fc2769a1b78a27578f13a17b -> 
  custom:container-demuxer-webm: 4f35f7cbe854078d1ac9338744f61a02 -> 
  custom:container-demuxer-ogg: 62fdf1f143b41e24485cea50d1cbac27 -> 
  custom:video-encoder-webm-vp8: eb34c28f22e8b96e1ab97ce403110664 -> 
  custom:framework-osx-AVFoundation: e770b220cccbd017edd2c1fefb359320 -> 
  custom:video-decoder-webm-vp8: 9c59270c3fd7afecdb556c50c9e8de78 -> 
  custom:audio-decoder-ogg-vorbis: bf7c407c2cedff20999df2af8eb42d56 -> 
  custom:audio-encoder-webm-vorbis: bf7c407c2cedff20999df2af8eb42d56 -> 
========================================================================
Received Import Request.
  path: Assets/gold.mat
  artifactKey: Guid(54f77330a3771423bace75ebaf33ff48) Importer(815301076,1909f56bfc062723c751e8b465ee728b)
Start importing Assets/gold.mat using Guid(54f77330a3771423bace75ebaf33ff48) Importer(815301076,1909f56bfc062723c751e8b465ee728b)  -> (artifact id: '55f9bfc0abf3735e97cc4e115c3086da') in 0.809104 seconds 
  Import took 0.814317 seconds .

========================================================================
Received Import Request.
  Time since last request: 0.000175 seconds.
  path: Assets/New Material.mat
  artifactKey: Guid(4b66bcce841a7457fbb2cd5cc998e086) Importer(815301076,1909f56bfc062723c751e8b465ee728b)
Start importing Assets/New Material.mat using Guid(4b66bcce841a7457fbb2cd5cc998e086) Importer(815301076,1909f56bfc062723c751e8b465ee728b)  -> (artifact id: 'ad36b00e2890e6a6b0ad4e3f111e150a') in 0.007517 seconds 
  Import took 0.010078 seconds .

========================================================================
Received Import Request.
  Time since last request: 4.789612 seconds.
  path: Assets/Scenes/SampleScene.unity
  artifactKey: Guid(9fc0d4010bbf28b4594072e72b8655ab) Importer(815301076,1909f56bfc062723c751e8b465ee728b)
Start importing Assets/Scenes/SampleScene.unity using Guid(9fc0d4010bbf28b4594072e72b8655ab) Importer(815301076,1909f56bfc062723c751e8b465ee728b)  -> (artifact id: '460084c5a67d4b86921a2e5c7af1ec5d') in 0.000988 seconds 
  Import took 0.003391 seconds .

========================================================================
Received Import Request.
  Time since last request: 88.763428 seconds.
  path: Assets/texture-seamless-wood-5.jpeg
  artifactKey: Guid(4d70f9bebbeca44f692af9f1659137cb) Importer(815301076,1909f56bfc062723c751e8b465ee728b)
Start importing Assets/texture-seamless-wood-5.jpeg using Guid(4d70f9bebbeca44f692af9f1659137cb) Importer(815301076,1909f56bfc062723c751e8b465ee728b)  -> (artifact id: '45428dba6c6214c185f1a300c9a25da3') in 0.775065 seconds 
  Import took 0.780697 seconds .

========================================================================
Received Import Request.
  Time since last request: 53.154735 seconds.
  path: Assets/New Material 1.mat
  artifactKey: Guid(df04356adff444225b68d52208820224) Importer(815301076,1909f56bfc062723c751e8b465ee728b)
Start importing Assets/New Material 1.mat using Guid(df04356adff444225b68d52208820224) Importer(815301076,1909f56bfc062723c751e8b465ee728b)  -> (artifact id: '2ba4706697f1681a6f0e71aa729488e8') in 0.007911 seconds 
  Import took 0.010402 seconds .

========================================================================
Received Import Request.
  Time since last request: 20.156488 seconds.
  path: Assets/wooden Texture.mat
  artifactKey: Guid(df04356adff444225b68d52208820224) Importer(815301076,1909f56bfc062723c751e8b465ee728b)
Start importing Assets/wooden Texture.mat using Guid(df04356adff444225b68d52208820224) Importer(815301076,1909f56bfc062723c751e8b465ee728b)  -> (artifact id: '752d5babe7ea9d0953daa628ed7f8569') in 0.010238 seconds 
  Import took 0.012722 seconds .

========================================================================
Received Import Request.
  Time since last request: 121.955845 seconds.
  path: Assets/metal.jpeg
  artifactKey: Guid(7e316acb672e043ce902ac7a5d9f654c) Importer(815301076,1909f56bfc062723c751e8b465ee728b)
Start importing Assets/metal.jpeg using Guid(7e316acb672e043ce902ac7a5d9f654c) Importer(815301076,1909f56bfc062723c751e8b465ee728b)  -> (artifact id: 'e044326a1a1687b31f030f0ddbfe8c91') in 0.005579 seconds 
  Import took 0.010706 seconds .

========================================================================
Received Import Request.
  Time since last request: 22.383918 seconds.
  path: Assets/metal.mat
  artifactKey: Guid(131a974d40d1c4acb8dbfe4c0a09cc64) Importer(815301076,1909f56bfc062723c751e8b465ee728b)
Start importing Assets/metal.mat using Guid(131a974d40d1c4acb8dbfe4c0a09cc64) Importer(815301076,1909f56bfc062723c751e8b465ee728b)  -> (artifact id: 'e3f203c7cbf6f342628210d06d0fe8c9') in 0.009222 seconds 
  Import took 0.011539 seconds .

========================================================================
Received Prepare
Registering precompiled user dll's ...
Registered in 0.005782 seconds.
Begin MonoManager ReloadAssembly
Native extension for OSXStandalone target not found
Refreshing native plugins compatible for Editor in 0.28 ms, found 2 plugins.
Preloading 0 native plugins for Editor in 0.00 ms.
Mono: successfully reloaded assembly
- Completed reload, in  0.980 seconds
Domain Reload Profiling:
	ReloadAssembly (988ms)
		BeginReloadAssembly (155ms)
			ExecutionOrderSort (0ms)
			DisableScriptedObjects (4ms)
			BackupInstance (0ms)
			ReleaseScriptingObjects (0ms)
			CreateAndSetChildDomain (50ms)
		EndReloadAssembly (777ms)
			LoadAssemblies (121ms)
			RebuildTransferFunctionScriptingTraits (0ms)
			SetupTypeCache (287ms)
			ReleaseScriptCaches (1ms)
			RebuildScriptCaches (41ms)
			SetupLoadedEditorAssemblies (268ms)
				LogAssemblyErrors (0ms)
				InitializePlatformSupportModulesInManaged (4ms)
				SetLoadedEditorAssemblies (0ms)
				RefreshPlugins (0ms)
				BeforeProcessingInitializeOnLoad (74ms)
				ProcessInitializeOnLoadAttributes (177ms)
				ProcessInitializeOnLoadMethodAttributes (10ms)
				AfterProcessingInitializeOnLoad (1ms)
				EditorAssembliesLoaded (0ms)
			ExecutionOrderSort2 (0ms)
			AwakeInstancesAfterBackupRestoration (6ms)
Platform modules already initialized, skipping
Refreshing native plugins compatible for Editor in 0.28 ms, found 2 plugins.
Preloading 0 native plugins for Editor in 0.00 ms.
Unloading 1497 Unused Serialized files (Serialized files now loaded: 0)
System memory in use before: 198.6 MB.
System memory in use after: 198.7 MB.

Unloading 15 unused Assets to reduce memory usage. Loaded Objects now: 2038.
Total: 2.372556 ms (FindLiveObjects: 0.144339 ms CreateObjectMapping: 0.057771 ms MarkObjects: 2.156681 ms  DeleteObjects: 0.012973 ms)

AssetImportParameters requested are different than current active one (requested -> active):
  custom:video-decoder-ogg-theora: a1e56fd34408186e4bbccfd4996cb3dc -> 
  custom:container-muxer-webm: aa71ff27fc2769a1b78a27578f13a17b -> 
  custom:container-demuxer-webm: 4f35f7cbe854078d1ac9338744f61a02 -> 
  custom:container-demuxer-ogg: 62fdf1f143b41e24485cea50d1cbac27 -> 
  custom:video-encoder-webm-vp8: eb34c28f22e8b96e1ab97ce403110664 -> 
  custom:framework-osx-AVFoundation: e770b220cccbd017edd2c1fefb359320 -> 
  custom:video-decoder-webm-vp8: 9c59270c3fd7afecdb556c50c9e8de78 -> 
  custom:audio-decoder-ogg-vorbis: bf7c407c2cedff20999df2af8eb42d56 -> 
  custom:audio-encoder-webm-vorbis: bf7c407c2cedff20999df2af8eb42d56 -> 
